Build started 5/17/2017 11:36:17 AM.
The target "_ConvertPdbFiles" listed in a BeforeTargets attribute at "C:\Program Files (x86)\MSBuild\4.0\Microsoft.Common.targets\ImportAfter\Xamarin.Common.targets (34,37)" does not exist in the project, and will be ignored.
The target "_CollectPdbFiles" listed in an AfterTargets attribute at "C:\Program Files (x86)\MSBuild\4.0\Microsoft.Common.targets\ImportAfter\Xamarin.Common.targets (34,70)" does not exist in the project, and will be ignored.
The target "_CollectMdbFiles" listed in a BeforeTargets attribute at "C:\Program Files (x86)\MSBuild\4.0\Microsoft.Common.targets\ImportAfter\Xamarin.Common.targets (41,38)" does not exist in the project, and will be ignored.
The target "_CopyMdbFiles" listed in an AfterTargets attribute at "C:\Program Files (x86)\MSBuild\4.0\Microsoft.Common.targets\ImportAfter\Xamarin.Common.targets (41,71)" does not exist in the project, and will be ignored.
__________________________________________________
Project "X:\SessionState\ASP.NET Core\NCacheSessionServices\NCacheSessionServices\NCacheSessionServices.csproj" (default targets):

Target ResolveAssemblyReferences:
    Could not read state file "obj\Release\NCacheSessionServices.csprojResolveAssemblyReference.cache". The format of this state file is not valid.
Target GenerateTargetFrameworkMonikerAttribute:
  Skipping target "GenerateTargetFrameworkMonikerAttribute" because all output files are up-to-date with respect to the input files.
Target CoreCompile:
  Skipping target "CoreCompile" because all output files are up-to-date with respect to the input files.
Target _CopyAppConfigFile:
  Skipping target "_CopyAppConfigFile" because all output files are up-to-date with respect to the input files.
Target CopyFilesToOutputDirectory:
    NCacheSessionServices -> X:\SessionState\ASP.NET Core\NCacheSessionServices\NCacheSessionServices\bin\Release\Alachisoft.NCache.CoreSessionStoreProvider.dll
Target IncrementalClean:
    Deleting file "X:\SessionState\ASP.NET Core\NCacheSessionServices\NCacheSessionServices\bin\Release\Alachisoft.NCache.Common.dll".
    Deleting file "X:\SessionState\ASP.NET Core\NCacheSessionServices\NCacheSessionServices\bin\Release\Alachisoft.NCache.Runtime.dll".
    Deleting file "X:\SessionState\ASP.NET Core\NCacheSessionServices\NCacheSessionServices\bin\Release\Alachisoft.NCache.Serialization.dll".
    Deleting file "X:\SessionState\ASP.NET Core\NCacheSessionServices\NCacheSessionServices\bin\Release\Alachisoft.NCache.SessionStateManagement.dll".
    Deleting file "X:\SessionState\ASP.NET Core\NCacheSessionServices\NCacheSessionServices\bin\Release\Alachisoft.NCache.SessionStoreProvider.dll".
    Deleting file "X:\SessionState\ASP.NET Core\NCacheSessionServices\NCacheSessionServices\bin\Release\Alachisoft.NCache.Web.dll".
    Deleting file "X:\SessionState\ASP.NET Core\NCacheSessionServices\NCacheSessionServices\bin\Release\Alachisoft.NCache.Cache.dll".
    Deleting file "X:\SessionState\ASP.NET Core\NCacheSessionServices\NCacheSessionServices\bin\Release\Alachisoft.NCache.Management.dll".
    Deleting file "X:\SessionState\ASP.NET Core\NCacheSessionServices\NCacheSessionServices\bin\Release\Alachisoft.NCache.Security.dll".
    Deleting file "X:\SessionState\ASP.NET Core\NCacheSessionServices\NCacheSessionServices\bin\Release\Alachisoft.NCache.Parser.dll".
    Deleting file "X:\SessionState\ASP.NET Core\NCacheSessionServices\NCacheSessionServices\bin\Release\Alachisoft.NCache.Storage.dll".
    Deleting file "X:\SessionState\ASP.NET Core\NCacheSessionServices\NCacheSessionServices\bin\Release\Alachisoft.NCache.NetJNIBridge.dll".
    Deleting file "X:\SessionState\ASP.NET Core\NCacheSessionServices\NCacheSessionServices\bin\Release\Alachisoft.NCache.Bridge.dll".

Build succeeded.
    0 Warning(s)
    0 Error(s)

Time Elapsed 00:00:00.99
